<?xml version="1.0" encoding="UTF-8"?>
<!-- Generated by org.testng.reporters.JUnitXMLReporter -->
<testsuite ignored="0" hostname="DESKTOP-RROJRLR" failures="0" tests="4" name="All Tests" time="46.9" errors="0" timestamp="2025-06-18T10:29:24 MSK">
  <testcase classname="BlockTitleTest" name="testTitle" time="0.024"/>
  <testcase classname="PaymentLogosTest" name="testLogos" time="0.083"/>
  <testcase classname="DetailsLinkTest" name="testLink" time="19.579"/>
  <testcase classname="PaymentFormTest" name="testForm" time="3.072"/>
</testsuite> <!-- All Tests -->
