<?xml version="1.0" encoding="UTF-8"?>
<testsuite xmlns:xsi="http://www.w3.org/2001/XMLSchema-instance" xsi:noNamespaceSchemaLocation="https://maven.apache.org/surefire/maven-surefire-plugin/xsd/surefire-test-report.xsd" name="TestSuite" time="108.311" tests="6" errors="0" skipped="0" failures="3">
  <properties>
[...]
</properties>
  <testcase name="testTitle" classname="tests.BlockTitleTest" time="6.371"/>
  <testcase name="testForm" classname="tests.PaymentFormTest" time="7.172">
    <failure message="Payment form not displayed expected [true] but found [false]" type="java.lang.AssertionError">java.lang.AssertionError: Payment form not displayed expected [true] but found [false]
	at tests.PaymentFormTest.testForm(PaymentFormTest.java:30)
</failure>
    <system-out><![CDATA[Cookies приняты с использованием селектора: By.xpath: //button[contains(., 'Принять') or contains(., 'Accept')]
]]></system-out>
    <system-err><![CDATA[Starting ChromeDriver 137.0.7151.119 (e0ac9d12dff5f2d33c935958b06bf1ded7f1c08c-refs/branch-heads/7151@{#2356}) on port 63778
Only local connections are allowed.
Please see https://chromedriver.chromium.org/security-considerations for suggestions on keeping ChromeDriver safe.
ChromeDriver was started successfully on port 63778.
[1750632719.911][WARNING]: Deprecated chrome option is ignored: useAutomationExtension
[1750632719.911][WARNING]: Deprecated chrome option is ignored: useAutomationExtension
июн. 23, 2025 1:52:00 AM org.openqa.selenium.remote.ProtocolHandshake createSession
INFO: Detected dialect: W3C
июн. 23, 2025 1:52:00 AM org.openqa.selenium.devtools.CdpVersionFinder findNearestMatch
WARNING: Unable to find an exact match for CDP version 137, so returning the closest version found: a no-op implementation
июн. 23, 2025 1:52:00 AM org.openqa.selenium.devtools.CdpVersionFinder findNearestMatch
INFO: Unable to find CDP implementation matching 137.
июн. 23, 2025 1:52:00 AM org.openqa.selenium.chromium.ChromiumDriver lambda$new$3
WARNING: Unable to find version of CDP to use for . You may need to include a dependency on a specific version of the CDP using something similar to `org.seleniumhq.selenium:selenium-devtools-v86:4.1.2` where the version ("v86") matches the version of the chromium-based browser you're using and the version number of the artifact is the same as Selenium's.
]]></system-err>
  </testcase>
  <testcase name="testLink" classname="tests.DetailsLinkTest" time="29.539"/>
  <testcase name="testLogos" classname="tests.PaymentLogosTest" time="5.005"/>
  <testcase name="testPaymentDetails" classname="tests.PaymentFormTest" time="23.088">
    <failure message="Expected condition failed: waiting for visibility of element located by By.xpath: //div[contains(@class, &apos;payment-info&apos;)]//div[contains(., &apos;Номер телефона&apos;)]/following-sibling::div (tried for 15 second(s) with 500 milliseconds interval)&#10;Build info: version: &apos;4.1.2&apos;, revision: &apos;9a5a329c5a&apos;&#10;System info: host: &apos;DESKTOP-RROJRLR&apos;, ip: &apos;192.168.0.102&apos;, os.name: &apos;Windows 11&apos;, os.arch: &apos;amd64&apos;, os.version: &apos;10.0&apos;, java.version: &apos;11.0.19&apos;&#10;Driver info: org.openqa.selenium.chrome.ChromeDriver&#10;Capabilities {acceptInsecureCerts: false, browserName: chrome, browserVersion: 137.0.7151.119, chrome: {chromedriverVersion: 137.0.7151.119 (e0ac9d12dff..., userDataDir: C:\Users\NISTGE~1\AppData\L...}, fedcm:accounts: true, goog:chromeOptions: {debuggerAddress: localhost:53052}, javascriptEnabled: true, networkConnectionEnabled: false, pageLoadStrategy: normal, platform: WINDOWS, platformName: WINDOWS, proxy: Proxy(), se:cdp: ws://localhost:53052/devtoo..., se:cdpVersion: 137.0.7151.119, setWindowRect: true, strictFileInteractability: false, timeouts: {implicit: 0, pageLoad: 300000, script: 30000}, unhandledPromptBehavior: dismiss and notify, webauthn:extension:credBlob: true, webauthn:extension:largeBlob: true, webauthn:extension:minPinLength: true, webauthn:extension:prf: true, webauthn:virtualAuthenticators: true}&#10;Session ID: 3af1d618be6d63601efb5afb114b5556" type="org.openqa.selenium.TimeoutException">org.openqa.selenium.TimeoutException: 
Expected condition failed: waiting for visibility of element located by By.xpath: //div[contains(@class, 'payment-info')]//div[contains(., 'Номер телефона')]/following-sibling::div (tried for 15 second(s) with 500 milliseconds interval)
Build info: version: '4.1.2', revision: '9a5a329c5a'
System info: host: 'DESKTOP-RROJRLR', ip: '192.168.0.102', os.name: 'Windows 11', os.arch: 'amd64', os.version: '10.0', java.version: '11.0.19'
Driver info: org.openqa.selenium.chrome.ChromeDriver
Capabilities {acceptInsecureCerts: false, browserName: chrome, browserVersion: 137.0.7151.119, chrome: {chromedriverVersion: 137.0.7151.119 (e0ac9d12dff..., userDataDir: C:\Users\NISTGE~1\AppData\L...}, fedcm:accounts: true, goog:chromeOptions: {debuggerAddress: localhost:53052}, javascriptEnabled: true, networkConnectionEnabled: false, pageLoadStrategy: normal, platform: WINDOWS, platformName: WINDOWS, proxy: Proxy(), se:cdp: ws://localhost:53052/devtoo..., se:cdpVersion: 137.0.7151.119, setWindowRect: true, strictFileInteractability: false, timeouts: {implicit: 0, pageLoad: 300000, script: 30000}, unhandledPromptBehavior: dismiss and notify, webauthn:extension:credBlob: true, webauthn:extension:largeBlob: true, webauthn:extension:minPinLength: true, webauthn:extension:prf: true, webauthn:virtualAuthenticators: true}
Session ID: 3af1d618be6d63601efb5afb114b5556
	at tests.PaymentFormTest.testPaymentDetails(PaymentFormTest.java:69)
</failure>
  </testcase>
  <testcase name="testPlaceholders" classname="tests.PaymentFormTest" time="38.235">
    <failure message="Expected condition failed: waiting for visibility of element located by By.xpath: //input[@placeholder=&apos;Номер карты&apos;] (tried for 15 second(s) with 500 milliseconds interval)&#10;Build info: version: &apos;4.1.2&apos;, revision: &apos;9a5a329c5a&apos;&#10;System info: host: &apos;DESKTOP-RROJRLR&apos;, ip: &apos;192.168.0.102&apos;, os.name: &apos;Windows 11&apos;, os.arch: &apos;amd64&apos;, os.version: &apos;10.0&apos;, java.version: &apos;11.0.19&apos;&#10;Driver info: org.openqa.selenium.chrome.ChromeDriver&#10;Capabilities {acceptInsecureCerts: false, browserName: chrome, browserVersion: 137.0.7151.119, chrome: {chromedriverVersion: 137.0.7151.119 (e0ac9d12dff..., userDataDir: C:\Users\NISTGE~1\AppData\L...}, fedcm:accounts: true, goog:chromeOptions: {debuggerAddress: localhost:53052}, javascriptEnabled: true, networkConnectionEnabled: false, pageLoadStrategy: normal, platform: WINDOWS, platformName: WINDOWS, proxy: Proxy(), se:cdp: ws://localhost:53052/devtoo..., se:cdpVersion: 137.0.7151.119, setWindowRect: true, strictFileInteractability: false, timeouts: {implicit: 0, pageLoad: 300000, script: 30000}, unhandledPromptBehavior: dismiss and notify, webauthn:extension:credBlob: true, webauthn:extension:largeBlob: true, webauthn:extension:minPinLength: true, webauthn:extension:prf: true, webauthn:virtualAuthenticators: true}&#10;Session ID: 3af1d618be6d63601efb5afb114b5556" type="org.openqa.selenium.TimeoutException">org.openqa.selenium.TimeoutException: 
Expected condition failed: waiting for visibility of element located by By.xpath: //input[@placeholder='Номер карты'] (tried for 15 second(s) with 500 milliseconds interval)
Build info: version: '4.1.2', revision: '9a5a329c5a'
System info: host: 'DESKTOP-RROJRLR', ip: '192.168.0.102', os.name: 'Windows 11', os.arch: 'amd64', os.version: '10.0', java.version: '11.0.19'
Driver info: org.openqa.selenium.chrome.ChromeDriver
Capabilities {acceptInsecureCerts: false, browserName: chrome, browserVersion: 137.0.7151.119, chrome: {chromedriverVersion: 137.0.7151.119 (e0ac9d12dff..., userDataDir: C:\Users\NISTGE~1\AppData\L...}, fedcm:accounts: true, goog:chromeOptions: {debuggerAddress: localhost:53052}, javascriptEnabled: true, networkConnectionEnabled: false, pageLoadStrategy: normal, platform: WINDOWS, platformName: WINDOWS, proxy: Proxy(), se:cdp: ws://localhost:53052/devtoo..., se:cdpVersion: 137.0.7151.119, setWindowRect: true, strictFileInteractability: false, timeouts: {implicit: 0, pageLoad: 300000, script: 30000}, unhandledPromptBehavior: dismiss and notify, webauthn:extension:credBlob: true, webauthn:extension:largeBlob: true, webauthn:extension:minPinLength: true, webauthn:extension:prf: true, webauthn:virtualAuthenticators: true}
Session ID: 3af1d618be6d63601efb5afb114b5556
	at tests.PaymentFormTest.testPlaceholders(PaymentFormTest.java:48)
</failure>
  </testcase>
</testsuite>