<?xml version="1.0" encoding="UTF-8"?>
<testsuite xmlns:xsi="http://www.w3.org/2001/XMLSchema-instance" xsi:noNamespaceSchemaLocation="https://maven.apache.org/surefire/maven-surefire-plugin/xsd/surefire-test-report.xsd" name="TestSuite" time="47.275" tests="4" errors="0" skipped="0" failures="0">
  <properties>
[...]
</properties>
  <testcase name="testTitle" classname="BlockTitleTest" time="0"/>
  <testcase name="testLogos" classname="PaymentLogosTest" time="0.082"/>
  <testcase name="testLink" classname="DetailsLinkTest" time="19.579"/>
  <testcase name="testForm" classname="PaymentFormTest" time="3.073"/>
</testsuite>